<?xml version="1.0" encoding="UTF-8" ?>
<testsuite tests="9" failures="0" name="com.pinyougou.test.SpringMapperTest" time="20.6" errors="0" skipped="0">
  <properties>
[...]
</properties>
  <testcase classname="com.pinyougou.test.SpringMapperTest" name="testSelectAll" time="7.324"/>
  <testcase classname="com.pinyougou.test.SpringMapperTest" name="testSelectOne" time="2.184"/>
  <testcase classname="com.pinyougou.test.SpringMapperTest" name="testDeleteByPrimaryKey" time="1.809"/>
  <testcase classname="com.pinyougou.test.SpringMapperTest" name="testDeleteByExample" time="1.648"/>
  <testcase classname="com.pinyougou.test.SpringMapperTest" name="testInsertSelective" time="1.67"/>
  <testcase classname="com.pinyougou.test.SpringMapperTest" name="testUpdateByExample" time="1.544"/>
  <testcase classname="com.pinyougou.test.SpringMapperTest" name="testDelete" time="1.523"/>
  <testcase classname="com.pinyougou.test.SpringMapperTest" name="testInsert" time="1.491"/>
  <testcase classname="com.pinyougou.test.SpringMapperTest" name="testSelect" time="1.407"/>
</testsuite>